<?xml version="1.0" encoding="UTF-8"?>
<testsuite xmlns:xsi="http://www.w3.org/2001/XMLSchema-instance" xsi:noNamespaceSchemaLocation="https://maven.apache.org/surefire/maven-surefire-plugin/xsd/surefire-test-report.xsd" name="TestSelect" time="0.003" tests="1" errors="1" skipped="0" failures="0">
  <properties>
    <property name="sun.desktop" value="windows"/>
    <property name="awt.toolkit" value="sun.awt.windows.WToolkit"/>
    <property name="file.encoding.pkg" value="sun.io"/>
    <property name="java.specification.version" value="1.8"/>
    <property name="sun.cpu.isalist" value="amd64"/>
    <property name="sun.jnu.encoding" value="GBK"/>
    <property name="java.class.path" value="F:\ideaPro\managedemo\target\test-classes;F:\ideaPro\managedemo\target\classes;D:\repository\org\aspectj\aspectjweaver\1.6.8\aspectjweaver-1.6.8.jar;D:\repository\org\springframework\spring-aop\4.0.5.RELEASE\spring-aop-4.0.5.RELEASE.jar;D:\repository\aopalliance\aopalliance\1.0\aopalliance-1.0.jar;D:\repository\org\springframework\spring-beans\4.0.5.RELEASE\spring-beans-4.0.5.RELEASE.jar;D:\repository\org\springframework\spring-core\4.0.5.RELEASE\spring-core-4.0.5.RELEASE.jar;D:\repository\commons-logging\commons-logging\1.1.3\commons-logging-1.1.3.jar;D:\repository\org\springframework\spring-context\4.0.5.RELEASE\spring-context-4.0.5.RELEASE.jar;D:\repository\org\springframework\spring-expression\4.0.5.RELEASE\spring-expression-4.0.5.RELEASE.jar;D:\repository\org\springframework\spring-web\4.0.5.RELEASE\spring-web-4.0.5.RELEASE.jar;D:\repository\org\springframework\spring-webmvc\4.0.5.RELEASE\spring-webmvc-4.0.5.RELEASE.jar;D:\repository\org\springframework\spring-test\4.0.5.RELEASE\spring-test-4.0.5.RELEASE.jar;D:\repository\org\springframework\spring-tx\4.0.5.RELEASE\spring-tx-4.0.5.RELEASE.jar;D:\repository\org\springframework\spring-jdbc\4.0.5.RELEASE\spring-jdbc-4.0.5.RELEASE.jar;D:\repository\junit\junit\4.12\junit-4.12.jar;D:\repository\org\hamcrest\hamcrest-core\1.3\hamcrest-core-1.3.jar;D:\repository\mysql\mysql-connector-java\5.1.47\mysql-connector-java-5.1.47.jar;D:\repository\javax\servlet\servlet-api\2.5\servlet-api-2.5.jar;D:\repository\javax\servlet\jsp\jsp-api\2.0\jsp-api-2.0.jar;D:\repository\jstl\jstl\1.2\jstl-1.2.jar;D:\repository\log4j\log4j\1.2.12\log4j-1.2.12.jar;D:\repository\org\slf4j\slf4j-api\1.6.6\slf4j-api-1.6.6.jar;D:\repository\org\slf4j\slf4j-log4j12\1.6.6\slf4j-log4j12-1.6.6.jar;D:\repository\org\mybatis\mybatis\3.4.5\mybatis-3.4.5.jar;D:\repository\org\mybatis\mybatis-spring\1.3.0\mybatis-spring-1.3.0.jar;D:\repository\c3p0\c3p0\0.9.1.2\c3p0-0.9.1.2.jar;"/>
    <property name="java.vm.vendor" value="Oracle Corporation"/>
    <property name="sun.arch.data.model" value="64"/>
    <property name="user.variant" value=""/>
    <property name="java.vendor.url" value="http://java.oracle.com/"/>
    <property name="user.timezone" value="Asia/Shanghai"/>
    <property name="java.vm.specification.version" value="1.8"/>
    <property name="os.name" value="Windows 10"/>
    <property name="user.country" value="CN"/>
    <property name="sun.java.launcher" value="SUN_STANDARD"/>
    <property name="sun.boot.library.path" value="E:\Program Files\Java\jdk1.8.0_152\jre\bin"/>
    <property name="sun.java.command" value="C:\Users\lll\AppData\Local\Temp\surefire3617735943571379651\surefirebooter6934191173214796798.jar C:\Users\lll\AppData\Local\Temp\surefire3617735943571379651 2020-08-10T14-16-47_800-jvmRun1 surefire6358694829119598105tmp surefire_02372777665784221061tmp"/>
    <property name="surefire.test.class.path" value="F:\ideaPro\managedemo\target\test-classes;F:\ideaPro\managedemo\target\classes;D:\repository\org\aspectj\aspectjweaver\1.6.8\aspectjweaver-1.6.8.jar;D:\repository\org\springframework\spring-aop\4.0.5.RELEASE\spring-aop-4.0.5.RELEASE.jar;D:\repository\aopalliance\aopalliance\1.0\aopalliance-1.0.jar;D:\repository\org\springframework\spring-beans\4.0.5.RELEASE\spring-beans-4.0.5.RELEASE.jar;D:\repository\org\springframework\spring-core\4.0.5.RELEASE\spring-core-4.0.5.RELEASE.jar;D:\repository\commons-logging\commons-logging\1.1.3\commons-logging-1.1.3.jar;D:\repository\org\springframework\spring-context\4.0.5.RELEASE\spring-context-4.0.5.RELEASE.jar;D:\repository\org\springframework\spring-expression\4.0.5.RELEASE\spring-expression-4.0.5.RELEASE.jar;D:\repository\org\springframework\spring-web\4.0.5.RELEASE\spring-web-4.0.5.RELEASE.jar;D:\repository\org\springframework\spring-webmvc\4.0.5.RELEASE\spring-webmvc-4.0.5.RELEASE.jar;D:\repository\org\springframework\spring-test\4.0.5.RELEASE\spring-test-4.0.5.RELEASE.jar;D:\repository\org\springframework\spring-tx\4.0.5.RELEASE\spring-tx-4.0.5.RELEASE.jar;D:\repository\org\springframework\spring-jdbc\4.0.5.RELEASE\spring-jdbc-4.0.5.RELEASE.jar;D:\repository\junit\junit\4.12\junit-4.12.jar;D:\repository\org\hamcrest\hamcrest-core\1.3\hamcrest-core-1.3.jar;D:\repository\mysql\mysql-connector-java\5.1.47\mysql-connector-java-5.1.47.jar;D:\repository\javax\servlet\servlet-api\2.5\servlet-api-2.5.jar;D:\repository\javax\servlet\jsp\jsp-api\2.0\jsp-api-2.0.jar;D:\repository\jstl\jstl\1.2\jstl-1.2.jar;D:\repository\log4j\log4j\1.2.12\log4j-1.2.12.jar;D:\repository\org\slf4j\slf4j-api\1.6.6\slf4j-api-1.6.6.jar;D:\repository\org\slf4j\slf4j-log4j12\1.6.6\slf4j-log4j12-1.6.6.jar;D:\repository\org\mybatis\mybatis\3.4.5\mybatis-3.4.5.jar;D:\repository\org\mybatis\mybatis-spring\1.3.0\mybatis-spring-1.3.0.jar;D:\repository\c3p0\c3p0\0.9.1.2\c3p0-0.9.1.2.jar;"/>
    <property name="sun.cpu.endian" value="little"/>
    <property name="user.home" value="C:\Users\lll"/>
    <property name="user.language" value="zh"/>
    <property name="java.specification.vendor" value="Oracle Corporation"/>
    <property name="java.home" value="E:\Program Files\Java\jdk1.8.0_152\jre"/>
    <property name="basedir" value="F:\ideaPro\managedemo"/>
    <property name="file.separator" value="\"/>
    <property name="line.separator" value="&#10;"/>
    <property name="java.vm.specification.vendor" value="Oracle Corporation"/>
    <property name="java.specification.name" value="Java Platform API Specification"/>
    <property name="java.awt.graphicsenv" value="sun.awt.Win32GraphicsEnvironment"/>
    <property name="surefire.real.class.path" value="C:\Users\lll\AppData\Local\Temp\surefire3617735943571379651\surefirebooter6934191173214796798.jar"/>
    <property name="sun.boot.class.path" value="E:\Program Files\Java\jdk1.8.0_152\jre\lib\resources.jar;E:\Program Files\Java\jdk1.8.0_152\jre\lib\rt.jar;E:\Program Files\Java\jdk1.8.0_152\jre\lib\sunrsasign.jar;E:\Program Files\Java\jdk1.8.0_152\jre\lib\jsse.jar;E:\Program Files\Java\jdk1.8.0_152\jre\lib\jce.jar;E:\Program Files\Java\jdk1.8.0_152\jre\lib\charsets.jar;E:\Program Files\Java\jdk1.8.0_152\jre\lib\jfr.jar;E:\Program Files\Java\jdk1.8.0_152\jre\classes"/>
    <property name="user.script" value=""/>
    <property name="sun.management.compiler" value="HotSpot 64-Bit Tiered Compilers"/>
    <property name="java.runtime.version" value="1.8.0_152-b16"/>
    <property name="user.name" value="lll"/>
    <property name="path.separator" value=";"/>
    <property name="os.version" value="10.0"/>
    <property name="java.endorsed.dirs" value="E:\Program Files\Java\jdk1.8.0_152\jre\lib\endorsed"/>
    <property name="java.runtime.name" value="Java(TM) SE Runtime Environment"/>
    <property name="file.encoding" value="GBK"/>
    <property name="java.vm.name" value="Java HotSpot(TM) 64-Bit Server VM"/>
    <property name="localRepository" value="D:\repository"/>
    <property name="java.vendor.url.bug" value="http://bugreport.sun.com/bugreport/"/>
    <property name="java.io.tmpdir" value="C:\Users\lll\AppData\Local\Temp\"/>
    <property name="java.version" value="1.8.0_152"/>
    <property name="user.dir" value="F:\ideaPro\managedemo"/>
    <property name="os.arch" value="amd64"/>
    <property name="java.vm.specification.name" value="Java Virtual Machine Specification"/>
    <property name="java.awt.printerjob" value="sun.awt.windows.WPrinterJob"/>
    <property name="sun.os.patch.level" value=""/>
    <property name="java.library.path" value="E:\Program Files\Java\jdk1.8.0_152\jre\bin;C:\Windows\Sun\Java\bin;C:\Windows\system32;C:\Windows;D:\app\lll\product\12.2.0\dbhome_1\bin;E:\Program Files\Java\jdk1.8.0_152\bin;E:\Program Files\Java\jdk1.8.0_152\jre\bin;C:\ProgramData\Oracle\Java\javapath;C:\Windows\system32;C:\Windows;C:\Windows\System32\Wbem;C:\Windows\System32\WindowsPowerShell\v1.0\;C:\Windows\System32\OpenSSH\;E:\Program Files\mysql-5.7.24-winx64\bin;C:\Program Files\Intel\WiFi\bin\;C:\Program Files\Common Files\Intel\WirelessCommon\;D:\Program Files\apache-maven-3.6.3\bin;E:\Program Files\apache-tomcat-9.0.37\bin;E:\Program Files\apache-tomcat-9.0.37\lib;E:\Program Files\Git\cmd;C:\Users\lll\AppData\Local\Microsoft\WindowsApps;;E:\Users\lll\AppData\Local\Programs\Microsoft VS Code\bin;."/>
    <property name="java.vm.info" value="mixed mode"/>
    <property name="java.vendor" value="Oracle Corporation"/>
    <property name="java.vm.version" value="25.152-b16"/>
    <property name="java.ext.dirs" value="E:\Program Files\Java\jdk1.8.0_152\jre\lib\ext;C:\Windows\Sun\Java\lib\ext"/>
    <property name="sun.io.unicode.encoding" value="UnicodeLittle"/>
    <property name="java.class.version" value="52.0"/>
  </properties>
  <testcase name="test1" classname="TestSelect" time="0.002">
    <error type="java.lang.NullPointerException">java.lang.NullPointerException
	at TestSelect.test1(TestSelect.java:16)
</error>
    <system-out><![CDATA[abc.wuyan.model.User@9cc76820
]]></system-out>
  </testcase>
</testsuite>